Taiwan
Taiwan
Korea
China
China
HongKong
China
China
UnitedStates
UnitedStates
UnitedStates
UnitedStates
UnitedStates
UnitedStates
UnitedStates
China
China
China
Egypt
Singapore
Iran
Bangladesh
India
China
UnitedStates
UnitedStates
UnitedStates
UnitedStates
UnitedStates
UnitedStates
UnitedStates
UnitedStates
UnitedStates
UnitedStates
UnitedStates
UnitedStates
UnitedStates
UnitedStates
UnitedStates
UnitedStates
UnitedStates
UnitedStates
UnitedStates
UnitedStates
UnitedStates
China
China
China
China
China
China
China
China
China
China
China
China
China
China
China
China
China
China
China
China
China
China
China
China
China
China
UnitedStates
Netherlands
Netherlands
UnitedStates
UnitedStates
UnitedStates
UnitedStates
Netherlands
Netherlands
Netherlands
Netherlands
Netherlands
Netherlands
Netherlands
Netherlands
Netherlands
Netherlands
Netherlands
Netherlands
Netherlands
Netherlands
China
China
China
China
China
China
China
China
China
China
China
China
China
China
China
China
China
China
China
China
China
China
China
China
China
China
China
China
China
China
China
China
China
China
China
China
China
China
China
China
HongKong
HongKong
HongKong
China
China
China
China
China
China
China
China
China
China
China
China
China
China
China
China
China
China
China
China
India
India
China
China
China
China
China
China
China
China
China
China
China
China
China
China
China
China
China
China
China
China
China
India
China
China
China
China
China
Australia
HongKong
Taiwan
China
China
China
Bangladesh
China
HongKong
China
China
China
China
China
China
China
China
China
China
China
China
China
China
China
China
China
China
China
China
China
China
China
China
China
China
China
China
China
Korea
China
China
China
China
China
China
China
China
China
China
China
China
China
China
China
China
China
China
China
China
China
China
China
China
China
China
China
China
China
China
China
China
China
China
China
China
China
China
China
China
China
China
China
China
China
China
China
China
China
China
China
China
China
China
China
China
China
China
China
China
China
China
China
China
China
China
China
China
China
HongKong
HongKong
Vietnam
Korea
China
China
China
China
China
China
China
China
China
China
China
China
Singapore
UnitedStates
UnitedStates
UnitedStates
UnitedStates
UnitedStates
UnitedStates
Germany
Germany
Germany
UnitedStates
France
France
Brazil
HongKong
UnitedStates
UnitedStates
Germany
Japan
HongKong
HongKong
HongKong
HongKong
China
China
China
China
China
China
China
China
China
China
China
China
China
China
China
China
China
China
China
Vietnam
Taiwan
China
UnitedStates
UnitedStates
RussianFederation
RussianFederation
RussianFederation
RussianFederation
Canada
Canada
Canada
Germany
Germany
Germany
Germany
Germany
Germany
France
France
France
Germany
Germany
Germany
Germany
China
Canada
China
China
Italy
UnitedStates
UnitedStates
Poland
UnitedStates
UnitedStates
UnitedStates
UnitedStates
UnitedStates
UnitedStates
UnitedStates
UnitedStates
UnitedStates
UnitedStates
UnitedStates
UnitedStates
UnitedStates
UnitedStates
UnitedStates
UnitedStates
UnitedStates
UnitedStates
UnitedStates
UnitedStates
UnitedStates
UnitedStates
UnitedStates
UnitedStates
UnitedStates
UnitedStates
UnitedStates
UnitedStates
UnitedStates
UnitedStates
UnitedStates
UnitedStates
UnitedStates
UnitedStates
UnitedStates
UnitedStates
UnitedStates
UnitedStates
UnitedStates
UnitedStates
UnitedStates
UnitedStates
UnitedStates
UnitedStates
UnitedStates
UnitedStates
UnitedStates
UnitedStates
UnitedStates
UnitedStates
UnitedStates
UnitedStates
UnitedStates
UnitedStates
UnitedStates
UnitedStates
UnitedStates
UnitedStates
UnitedStates
UnitedStates
UnitedStates
UnitedStates
UnitedStates
UnitedStates
UnitedStates
UnitedStates
UnitedStates
UnitedStates
UnitedStates
UnitedStates
UnitedStates
UnitedStates
Canada
HongKong
UnitedStates
China
China
UnitedStates
UnitedStates
UnitedStates
UnitedStates
UnitedStates
UnitedStates
UnitedStates
UnitedStates
UnitedStates
UnitedStates
UnitedStates
UnitedStates
UnitedStates
UnitedStates
UnitedStates
UnitedStates
France
France
SouthAfrica
Canada
UnitedStates
UnitedStates
UnitedStates
UnitedStates
UnitedStates
UnitedStates
UnitedStates
China
China
China
China
China
China
Germany
Germany
UnitedStates
UnitedStates
UnitedStates
UnitedStates
UnitedStates
Korea
China
China
China
RussianFederation
CzechRepublic
Brazil
Brazil
Greece
RussianFederation
RussianFederation
Switzerland
France
France
France
UnitedKingdom
France
France
France
Germany
UnitedStates
UnitedStates
UnitedStates
China
Indonesia
China
China
China
China
China
China
China
China
China
China
China
China
China
China
China
China
China
China
China
China
China
China
China
China
China
China
China
China
China
China
China
China
China
China
China
China
China
China
China
China
China
China
China
HongKong
China
China
China
Indonesia
UnitedStates
UnitedStates
UnitedStates
UnitedStates
Romania
Turkey
Turkey
RussianFederation
UnitedKingdom
Iran
Spain
Netherlands
Poland
UnitedKingdom
UnitedKingdom
UnitedKingdom
UnitedKingdom
UnitedKingdom
UnitedKingdom
Turkey
Turkey
Turkey
Turkey
Turkey
Turkey
Turkey
Turkey
Turkey
Turkey
Turkey
Turkey
Turkey
Turkey
Turkey
Turkey
Turkey
Turkey
Turkey
Brazil
Brazil
Brazil
Mexico
Brazil
Brazil
Brazil
RussianFederation
France
France
France
Romania
Chile
Germany
Brazil
Brazil
Ukraine
Slovenia
Ukraine
Ukraine
Germany
Germany
Ukraine
France
Nigeria
Egypt
Nigeria
SouthAfrica
UnitedStates
UnitedStates
UnitedStates
Netherlands
Canada
Canada
UnitedStates
UnitedStates
UnitedStates
UnitedStates
Brazil
UnitedStates
France
France
UnitedStates
Germany
Italy
Italy
Italy
Italy
Italy
Italy
Italy
Italy
Italy
Italy
Italy
Italy
Italy
China
Macau
China
HongKong
HongKong
HongKong
China
UnitedStates
UnitedStates
UnitedStates
UnitedStates
UnitedStates
UnitedStates
UnitedStates
UnitedStates
UnitedStates
UnitedStates
UnitedStates
UnitedStates
UnitedStates
UnitedStates
UnitedStates
UnitedStates
UnitedStates
UnitedStates
UnitedStates
UnitedStates
UnitedStates
UnitedStates
UnitedStates
UnitedStates
UnitedStates
UnitedStates
UnitedStates
UnitedStates
UnitedStates
UnitedStates
UnitedStates
UnitedStates
UnitedStates
UnitedStates
UnitedStates
UnitedStates
UnitedStates
UnitedStates
UnitedStates
UnitedStates
UnitedStates
UnitedStates
UnitedStates
UnitedStates
UnitedStates
UnitedStates
UnitedStates
UnitedStates
UnitedStates
UnitedStates
UnitedStates
UnitedStates
UnitedStates
UnitedStates
UnitedStates
UnitedStates
UnitedStates
UnitedStates
UnitedStates
UnitedStates
UnitedStates
UnitedStates
UnitedStates
UnitedStates
UnitedStates
UnitedStates
UnitedStates
UnitedStates
UnitedStates
UnitedStates
UnitedStates
UnitedStates
UnitedStates
UnitedStates
UnitedStates
UnitedStates
UnitedStates
UnitedStates
UnitedStates
UnitedStates
UnitedStates
UnitedStates
UnitedStates
UnitedStates
UnitedStates
UnitedStates
UnitedStates
UnitedStates
UnitedStates
UnitedStates
UnitedStates
UnitedStates
UnitedStates
UnitedStates
UnitedStates
UnitedStates
UnitedStates
UnitedStates
HongKong
HongKong
China
China
HongKong
China
RussianFederation
Italy
UnitedStates
UnitedStates
UnitedStates
UnitedStates
UnitedStates
UnitedStates
Germany
France
UnitedStates
UnitedStates
UnitedStates
UnitedStates
Germany
France
France
Denmark
China
China
China
China
China
China
China
China
HongKong
HongKong
HongKong
HongKong
HongKong
China
China
China
China
China
China
China
China
China
HongKong
China
China
China
China
China
China
China
China
China
China
China
China
China
China
China
China
China
China
China
China
China
China
China
China
China
China
China
China
China
China
China
China
China
China
China
China
China
China
China
China
China
China
China
China
China
China
China
China
China
China
China
China
HongKong
China
China
China
China
China
China
China
China
China
Korea
China
China
China
China
China
China
China
China
China
China
China
China
China
China
China
China
Taiwan
China
China
HongKong
China
China
China
China
China
HongKong
HongKong
China
HongKong
China
UnitedStates
Singapore
UnitedStates
UnitedStates
UnitedStates
UnitedStates
UnitedStates
Australia
UnitedStates
Canada
Canada
Canada
Canada
UnitedStates
China
China
China
China
China
China
Germany
UnitedStates
UnitedStates
UnitedStates
UnitedStates
UnitedStates
UnitedStates
UnitedStates
UnitedStates
UnitedStates
UnitedStates
UnitedStates
UnitedStates
UnitedStates
UnitedStates
UnitedStates
UnitedStates
UnitedStates
UnitedStates
UnitedStates
UnitedStates
UnitedStates
UnitedStates
UnitedStates
UnitedStates
UnitedStates
UnitedStates
UnitedStates
UnitedStates
UnitedStates
UnitedStates
UnitedStates
UnitedStates
UnitedStates
UnitedStates
UnitedStates
UnitedStates
UnitedStates
UnitedStates
UnitedStates
UnitedStates
UnitedStates
UnitedStates
UnitedStates
UnitedStates
UnitedStates
UnitedStates
UnitedStates
UnitedStates
UnitedStates
UnitedStates
UnitedStates
UnitedStates
UnitedStates
UnitedStates
UnitedStates
UnitedStates
UnitedStates
UnitedStates
UnitedStates
UnitedStates
UnitedStates
UnitedStates
UnitedStates
UnitedStates
UnitedStates
UnitedStates
UnitedStates
UnitedStates
UnitedStates
Germany
UnitedStates
UnitedStates
UnitedStates
UnitedStates
France
UnitedStates
UnitedStates
UnitedStates
UnitedStates
UnitedStates
UnitedStates
UnitedStates
UnitedStates
UnitedStates
UnitedStates
UnitedStates
UnitedStates
UnitedStates
UnitedStates
UnitedStates
UnitedStates
UnitedStates
Europe
Europe
Europe
UnitedStates
UnitedStates
UnitedStates
UnitedStates
UnitedStates
UnitedStates
UnitedStates
UnitedStates
UnitedStates
UnitedStates
UnitedStates
UnitedStates
UnitedStates
UnitedStates
UnitedStates
Europe
UnitedStates
UnitedStates
UnitedStates
UnitedStates
UnitedStates
UnitedStates
UnitedStates
UnitedStates
UnitedStates
UnitedStates
UnitedStates
UnitedStates
UnitedStates
UnitedStates
UnitedStates
UnitedStates
UnitedStates
UnitedStates
UnitedStates
UnitedStates
UnitedStates
UnitedStates
UnitedStates
UnitedStates
UnitedStates
UnitedStates
UnitedStates
UnitedStates
UnitedStates
UnitedStates
UnitedStates
UnitedStates
UnitedStates
UnitedStates
UnitedStates
UnitedStates
UnitedStates
UnitedStates
UnitedStates
UnitedStates
UnitedStates
UnitedStates
UnitedStates
UnitedStates
UnitedStates
UnitedStates
UnitedStates
UnitedStates
UnitedStates
UnitedStates
UnitedStates
UnitedStates
UnitedStates
UnitedStates
UnitedStates
UnitedStates
UnitedStates
UnitedStates
UnitedStates
UnitedStates
UnitedStates
UnitedStates
UnitedStates
UnitedStates
UnitedStates
UnitedStates
UnitedStates
UnitedStates
UnitedStates
UnitedStates
UnitedStates
UnitedStates
UnitedStates
UnitedStates
UnitedStates
UnitedStates
UnitedStates
UnitedStates
UnitedStates
UnitedStates
UnitedStates
UnitedStates
UnitedStates
UnitedStates
UnitedStates
UnitedStates
UnitedStates
UnitedStates
UnitedStates
UnitedStates
UnitedStates
UnitedStates
UnitedStates
UnitedStates
UnitedStates
UnitedStates
UnitedStates
UnitedStates
UnitedStates
UnitedStates
UnitedStates
UnitedStates
UnitedStates
UnitedStates
UnitedStates
UnitedStates
UnitedStates
UnitedStates
UnitedStates
UnitedStates
UnitedStates
UnitedStates
UnitedStates
China
China
China
China
China
China
China
China
China
China
China
China
Indonesia
Ukraine
France
France
France
RussianFederation
RussianFederation
RussianFederation
RussianFederation
RussianFederation
RussianFederation
RussianFederation
China
China
China
China
China
China
China
Netherlands
UnitedStates
UnitedStates
UnitedStates
UnitedStates
UnitedStates
UnitedStates
UnitedStates
UnitedStates
UnitedStates
UnitedStates
UnitedStates
UnitedStates
UnitedStates
UnitedStates
UnitedStates
UnitedStates
UnitedStates
UnitedStates
UnitedStates
UnitedStates
UnitedStates
UnitedStates
UnitedStates
UnitedStates
UnitedStates
UnitedStates
UnitedStates
UnitedStates
UnitedStates
UnitedStates
UnitedStates
UnitedStates
UnitedStates
UnitedStates
UnitedStates
UnitedStates
UnitedStates
UnitedStates
UnitedStates
UnitedStates
UnitedStates
UnitedStates
UnitedStates
UnitedStates
UnitedStates
UnitedStates
UnitedStates
UnitedStates
UnitedStates
UnitedStates
UnitedStates
UnitedStates
UnitedStates
UnitedStates
UnitedStates
UnitedStates
Angola
Lesotho
SouthAfrica
HongKong
HongKong
HongKong
China
China
China
China
China
China
China
China
China
China
China
China
China
China
China
China
China
China
China
China
China
China
China
HongKong
India
SouthAfrica
UnitedStates
HongKong
Taiwan
UnitedKingdom
France
Netherlands
Netherlands
Netherlands
Netherlands
Netherlands
Netherlands
Netherlands
Netherlands
Netherlands
Netherlands
Netherlands
Jordan
UnitedStates
UnitedStates
UnitedStates
UnitedStates
UnitedStates
UnitedStates
UnitedStates
UnitedStates
UnitedStates
UnitedStates
UnitedStates
UnitedStates
UnitedStates
UnitedStates
UnitedStates
UnitedStates
UnitedStates
UnitedStates
UnitedStates
UnitedStates
UnitedStates
UnitedStates
UnitedStates
UnitedStates
UnitedStates
UnitedStates
UnitedStates
UnitedStates
UnitedStates
Germany
Germany
Ukraine
China
China
UnitedStates
China
HongKong
Thailand
China
China
China
China
China
China
China
China
China
China
China
Estonia
UnitedKingdom
RussianFederation
RussianFederation
RussianFederation
Germany
France
Iran
UnitedStates
UnitedStates
UnitedStates
UnitedStates
UnitedStates
UnitedStates
UnitedStates
UnitedStates
Netherlands
Lebanon
Lebanon
Iran
Germany
Germany
Germany
Germany
Germany
France
France
France
France
France
France
France
France
France
France
France
France
UnitedStates
HongKong
UnitedStates
HongKong
Ireland
UnitedStates
Germany
UnitedStates
UnitedStates
UnitedStates
UnitedStates
UnitedStates
UnitedStates
UnitedStates
UnitedStates
UnitedStates
UnitedStates
UnitedStates
UnitedStates
UnitedStates
UnitedStates
UnitedStates
France
France
France
France
France
France
France
France
France
France
France
France
France
France
France
France
France
France
France
France
France
France
France
France
France
France
France
France
France
France
France
France
France
France
France
France
France
France
France
France
France
France
France
France
France
France
France
France
France
France
France
France
France
France
France
France
France
France
France
France
France
France
France
France
France
France
France
France
France
France
France
France
France
France
France
France
France
France
France
France
France
France
France
France
France
France
France
France
France
France
France
France
France
France
France
France
France
France
France
France
France
France
France
France
France
France
France
France
France
France
France
France
France
France
France
France
France
France
France
France
France
France
France
France
France
France
France
France
France
France
France
France
France
France
France
France
France
France
France
France
France
France
France
France
France
France
France
France
France
France
France
France
France
France
France
France
France
France
France
France
France
France
France
France
France
France
France
France
France
France
France
France
France
France
France
France
France
France
France
France
UnitedStates
HongKong
HongKong
China
China
China
China
China
China
China
China
China
China
China
China
China
China
China
China
China
China
China
China
China
China
China
China
China
China
China
China
China
China
China
China
China
China
China
HongKong
HongKong
China
China
China
China
China
China
China
China
China
China
China
China
China
China
China
China
China
China
China
China
HongKong
Germany
France
France
France
France
France
UnitedStates
UnitedStates
UnitedStates
UnitedStates
UnitedStates
UnitedStates
Asia/PacificRegion
Asia/PacificRegion
Asia/PacificRegion
Asia/PacificRegion
UnitedStates
UnitedStates
UnitedStates
UnitedStates
UnitedStates
UnitedStates
UnitedStates
UnitedStates
UnitedStates
UnitedStates
UnitedStates
UnitedStates
UnitedStates
UnitedStates
UnitedStates
UnitedStates
UnitedStates
UnitedStates
UnitedStates
UnitedStates
UnitedStates
UnitedStates
UnitedStates
UnitedStates
UnitedStates
UnitedStates
UnitedStates
UnitedStates
UnitedStates
UnitedStates
UnitedStates
UnitedStates
UnitedStates
UnitedStates
UnitedStates
UnitedStates
UnitedStates
UnitedStates
UnitedStates
UnitedStates
UnitedStates
UnitedStates
UnitedStates
UnitedStates
UnitedStates
UnitedStates
UnitedStates
UnitedStates
UnitedStates
UnitedStates
UnitedStates
UnitedStates
UnitedStates
UnitedStates
UnitedStates
UnitedStates
UnitedStates
UnitedStates
UnitedStates
UnitedStates
UnitedStates
UnitedStates
UnitedStates
UnitedStates
UnitedStates
UnitedStates
UnitedStates
UnitedStates
UnitedStates
UnitedStates
UnitedStates
UnitedStates
UnitedStates
UnitedStates
UnitedStates
UnitedStates
UnitedStates
UnitedStates
UnitedStates
UnitedStates
UnitedStates
UnitedStates
UnitedStates
UnitedStates
UnitedStates
UnitedStates
UnitedStates
UnitedStates
UnitedStates
UnitedStates
UnitedStates
UnitedStates
UnitedStates
UnitedStates
UnitedStates
UnitedStates
UnitedStates
UnitedStates
UnitedStates
UnitedStates
UnitedStates
UnitedStates
UnitedStates
UnitedStates
UnitedStates
UnitedStates
UnitedStates
UnitedStates
UnitedStates
UnitedStates
UnitedStates
UnitedStates
UnitedStates
UnitedStates
UnitedStates
UnitedStates
UnitedStates
UnitedStates
UnitedStates
UnitedStates
UnitedStates
UnitedStates
UnitedStates
UnitedStates
UnitedStates
UnitedStates
UnitedStates
UnitedStates
UnitedStates
UnitedStates
UnitedStates
UnitedStates
UnitedStates
UnitedStates
UnitedStates
UnitedStates
UnitedStates
UnitedStates
Europe
Europe
Asia/PacificRegion
Asia/PacificRegion
Asia/PacificRegion
Asia/PacificRegion
UnitedStates
UnitedStates
UnitedStates
UnitedStates
UnitedStates
UnitedStates
UnitedStates
UnitedStates
UnitedStates
UnitedStates
UnitedStates
UnitedStates
UnitedStates
Europe
UnitedStates
Singapore
UnitedStates
UnitedStates
UnitedStates
UnitedStates
UnitedStates
UnitedStates
UnitedStates
UnitedStates
UnitedStates
UnitedStates
UnitedStates
Netherlands
Netherlands
UnitedStates
UnitedStates
UnitedStates
RussianFederation
RussianFederation
RussianFederation
RussianFederation
Turkey
Greece
France
UnitedStates
UnitedStates
UnitedStates
Seychelles
Spain
Spain
Spain
UnitedKingdom
Latvia
Bulgaria
France
Poland
Germany
Turkey
Ukraine
Netherlands
Italy
Italy
Italy
Italy
Poland
Iran
France
France
France
Iran
UnitedKingdom
Sweden
Greece
France
RussianFederation
RussianFederation
RussianFederation
RussianFederation
RussianFederation
RussianFederation
RussianFederation
RussianFederation
RussianFederation
Ukraine
Iran
France
Germany
Germany
Germany
Germany
Germany
Germany
Germany
UnitedStates
